2020-10-20 16:21:09,886 DEBUG A.SeleniumBrowser [main] Selenium browser Launch - Before switch application type: Chrome
2020-10-20 16:21:09,905 DEBUG A.SeleniumBrowser [main] Selenium browser Launch - After set chrome property
2020-10-20 16:21:09,906 DEBUG A.SeleniumBrowser [main] Selenium browser Launch - After creating new hashMap
2020-10-20 16:21:09,907 DEBUG A.SeleniumBrowser [main] Selenium browser Launch - After reading MasterDownloadFolder property: C:\home\NepManagerDownloads
2020-10-20 16:21:09,908 DEBUG A.SeleniumBrowser [main] Selenium browser Launch - After put to hash
2020-10-20 16:21:09,913 DEBUG A.SeleniumBrowser [main] Selenium browser Launch - After new chrome options
2020-10-20 16:21:09,916 DEBUG A.SeleniumBrowser [main] Selenium browser Launch - After chrome setExperimentalOption
2020-10-20 16:21:09,916 DEBUG A.SeleniumBrowser [main] Selenium browser Launch - Before setting several chrome options
2020-10-20 16:21:09,946 DEBUG A.SeleniumBrowser [main] Selenium browser Launch - Before creating new chrome driver
2020-10-20 16:21:19,028 DEBUG A.SeleniumBrowser [main] Selenium browser Launch - After creating new chrome driver
2020-10-20 16:21:19,056 DEBUG A.SeleniumBrowser [main] After Setting implicit timeout
2020-10-20 16:21:21,072 DEBUG A.SeleniumBrowser [main] After maximizing window 
2020-10-20 16:21:21,072 DEBUG A.SeleniumBrowser [main] LoadURL: Before check if driver equals to null 
2020-10-20 16:21:21,073 DEBUG A.SeleniumBrowser [main] LoadURL: After check if driver equals to null 
2020-10-20 16:21:21,073 DEBUG A.SeleniumBrowser [main] LoadURL: URL =  https://portal.stg.tw-test.net
2020-10-20 16:21:24,368 DEBUG A.SeleniumBrowser [main] LoadURL: after get URL =  https://portal.stg.tw-test.net
2020-10-20 16:21:31,750 DEBUG A.SeleniumBrowser [main] LoadURL: Before check if driver equals to null 
2020-10-20 16:21:31,750 DEBUG A.SeleniumBrowser [main] LoadURL: After check if driver equals to null 
2020-10-20 16:21:31,750 DEBUG A.SeleniumBrowser [main] LoadURL: URL =  https://portal.stg.tw-test.net/#/support?menuKey=file-cabinet&stackKey=file-cabinet-files
2020-10-20 16:21:32,054 DEBUG A.SeleniumBrowser [main] LoadURL: after get URL =  https://portal.stg.tw-test.net/#/support?menuKey=file-cabinet&stackKey=file-cabinet-files
2020-10-20 16:21:38,027 DEBUG A.BrowserActions [main] customerSelector_element clicked
2020-10-20 16:21:38,382 DEBUG A.BrowserActions [main] searchText_element cleared
2020-10-20 16:21:38,948 DEBUG A.BrowserActions [main] searchText_element keys sent: TrustwaveEPstg Test #1
2020-10-20 16:21:41,037 DEBUG A.BrowserActions [main] customerNameBy - Before wait to be clickable 
2020-10-20 16:21:41,085 DEBUG A.BrowserActions [main] customerNameBy - After wait to be clickable 
2020-10-20 16:21:41,525 DEBUG A.BrowserActions [main] customerName - After click 
2020-10-20 16:21:55,025 DEBUG A.SeleniumBrowser [main] LoadURL: Before check if driver equals to null 
2020-10-20 16:21:55,026 DEBUG A.SeleniumBrowser [main] LoadURL: After check if driver equals to null 
2020-10-20 16:21:55,026 DEBUG A.SeleniumBrowser [main] LoadURL: URL =  https://portal.stg.tw-test.net/#/operations?menuKey=centcom-devices&stackKey=entity-search&types=EntityType.AGENT
2020-10-20 16:21:55,294 DEBUG A.SeleniumBrowser [main] LoadURL: after get URL =  https://portal.stg.tw-test.net/#/operations?menuKey=centcom-devices&stackKey=entity-search&types=EntityType.AGENT
2020-10-20 16:22:19,209 DEBUG A.SeleniumBrowser [main] LoadURL: Before check if driver equals to null 
2020-10-20 16:22:19,210 DEBUG A.SeleniumBrowser [main] LoadURL: After check if driver equals to null 
2020-10-20 16:22:19,210 DEBUG A.SeleniumBrowser [main] LoadURL: URL =  https://portal.stg.tw-test.net/#/support?menuKey=file-cabinet&stackKey=file-cabinet-files
2020-10-20 16:22:19,982 DEBUG A.SeleniumBrowser [main] LoadURL: after get URL =  https://portal.stg.tw-test.net/#/support?menuKey=file-cabinet&stackKey=file-cabinet-files
2020-10-20 16:22:22,183 DEBUG A.BrowserActions [main] customerSelector_element clicked
2020-10-20 16:22:22,492 DEBUG A.BrowserActions [main] searchText_element cleared
2020-10-20 16:22:23,056 DEBUG A.BrowserActions [main] searchText_element keys sent: TrustwaveEPstg Test #1
2020-10-20 16:22:25,128 DEBUG A.BrowserActions [main] customerNameBy - Before wait to be clickable 
2020-10-20 16:22:25,165 DEBUG A.BrowserActions [main] customerNameBy - After wait to be clickable 
2020-10-20 16:22:25,582 DEBUG A.BrowserActions [main] customerName - After click 
2020-10-20 16:23:59,871 DEBUG A.SeleniumBrowser [main] Selenium browser Launch - Before switch application type: Chrome
2020-10-20 16:23:59,875 DEBUG A.SeleniumBrowser [main] Selenium browser Launch - After set chrome property
2020-10-20 16:23:59,876 DEBUG A.SeleniumBrowser [main] Selenium browser Launch - After creating new hashMap
2020-10-20 16:23:59,876 DEBUG A.SeleniumBrowser [main] Selenium browser Launch - After reading MasterDownloadFolder property: C:\home\NepManagerDownloads
2020-10-20 16:23:59,877 DEBUG A.SeleniumBrowser [main] Selenium browser Launch - After put to hash
2020-10-20 16:23:59,880 DEBUG A.SeleniumBrowser [main] Selenium browser Launch - After new chrome options
2020-10-20 16:23:59,882 DEBUG A.SeleniumBrowser [main] Selenium browser Launch - After chrome setExperimentalOption
2020-10-20 16:23:59,883 DEBUG A.SeleniumBrowser [main] Selenium browser Launch - Before setting several chrome options
2020-10-20 16:23:59,888 DEBUG A.SeleniumBrowser [main] Selenium browser Launch - Before creating new chrome driver
2020-10-20 16:24:04,017 DEBUG A.SeleniumBrowser [main] Selenium browser Launch - After creating new chrome driver
2020-10-20 16:24:04,025 DEBUG A.SeleniumBrowser [main] After Setting implicit timeout
2020-10-20 16:24:06,037 DEBUG A.SeleniumBrowser [main] After maximizing window 
2020-10-20 16:24:06,038 DEBUG A.SeleniumBrowser [main] LoadURL: Before check if driver equals to null 
2020-10-20 16:24:06,038 DEBUG A.SeleniumBrowser [main] LoadURL: After check if driver equals to null 
2020-10-20 16:24:06,038 DEBUG A.SeleniumBrowser [main] LoadURL: URL =  https://portal.inc.tw-test.net
2020-10-20 16:24:10,846 DEBUG A.SeleniumBrowser [main] LoadURL: after get URL =  https://portal.inc.tw-test.net
2020-10-20 16:24:14,453 DEBUG A.SeleniumBrowser [main] LoadURL: Before check if driver equals to null 
2020-10-20 16:24:14,454 DEBUG A.SeleniumBrowser [main] LoadURL: After check if driver equals to null 
2020-10-20 16:24:14,454 DEBUG A.SeleniumBrowser [main] LoadURL: URL =  https://portal.inc.tw-test.net/#/support?menuKey=file-cabinet&stackKey=file-cabinet-files
2020-10-20 16:24:14,686 DEBUG A.SeleniumBrowser [main] LoadURL: after get URL =  https://portal.inc.tw-test.net/#/support?menuKey=file-cabinet&stackKey=file-cabinet-files
2020-10-20 16:24:20,543 DEBUG A.BrowserActions [main] customerSelector_element clicked
2020-10-20 16:24:20,715 DEBUG A.BrowserActions [main] searchText_element cleared
2020-10-20 16:24:21,293 DEBUG A.BrowserActions [main] searchText_element keys sent: TrustwaveEPstg Test #1
2020-10-20 16:24:23,367 DEBUG A.BrowserActions [main] customerNameBy - Before wait to be clickable 
